<?xml version="1.0" encoding="UTF-8"?>
<testng-results ignored="0" total="2" passed="2" failed="0" skipped="0">
  <reporter-output>
  </reporter-output>
  <suite started-at="2023-01-18T07:29:38 IST" name="Default suite" finished-at="2023-01-18T07:31:03 IST" duration-ms="85179">
    <groups>
    </groups>
    <test started-at="2023-01-18T07:29:38 IST" name="Default test" finished-at="2023-01-18T07:31:03 IST" duration-ms="85179">
      <class name="com.Naukri.QA.testcases.LoginPageTest">
        <test-method is-config="true" signature="SetUp()[pri:0, instance:com.Naukri.QA.testcases.LoginPageTest@1e6a3214]" started-at="2023-01-18T07:29:38 IST" name="SetUp" finished-at="2023-01-18T07:30:00 IST" duration-ms="21695" status="PASS">
          <reporter-output>
          </reporter-output>
        </test-method> <!-- SetUp -->
        <test-method signature="AbhiTest()[pri:1, instance:com.Naukri.QA.testcases.LoginPageTest@1e6a3214]" started-at="2023-01-18T07:30:00 IST" name="AbhiTest" finished-at="2023-01-18T07:30:42 IST" duration-ms="41516" status="PASS">
          <reporter-output>
          </reporter-output>
        </test-method> <!-- AbhiTest -->
        <test-method is-config="true" signature="teardown()[pri:0, instance:com.Naukri.QA.testcases.LoginPageTest@1e6a3214]" started-at="2023-01-18T07:30:42 IST" name="teardown" finished-at="2023-01-18T07:30:45 IST" duration-ms="3245" status="PASS">
          <reporter-output>
          </reporter-output>
        </test-method> <!-- teardown -->
        <test-method is-config="true" signature="SetUp()[pri:0, instance:com.Naukri.QA.testcases.LoginPageTest@1e6a3214]" started-at="2023-01-18T07:30:45 IST" name="SetUp" finished-at="2023-01-18T07:31:01 IST" duration-ms="16229" status="PASS">
          <reporter-output>
          </reporter-output>
        </test-method> <!-- SetUp -->
        <test-method signature="TanishTest()[pri:1, instance:com.Naukri.QA.testcases.LoginPageTest@1e6a3214]" started-at="2023-01-18T07:31:01 IST" name="TanishTest" finished-at="2023-01-18T07:31:01 IST" duration-ms="57" status="PASS">
          <reporter-output>
          </reporter-output>
        </test-method> <!-- TanishTest -->
        <test-method is-config="true" signature="teardown()[pri:0, instance:com.Naukri.QA.testcases.LoginPageTest@1e6a3214]" started-at="2023-01-18T07:31:01 IST" name="teardown" finished-at="2023-01-18T07:31:03 IST" duration-ms="2225" status="PASS">
          <reporter-output>
          </reporter-output>
        </test-method> <!-- teardown -->
      </class> <!-- com.Naukri.QA.testcases.LoginPageTest -->
    </test> <!-- Default test -->
  </suite> <!-- Default suite -->
</testng-results>
